        oee1_0.sent 
    from
        outbox_event oee1_0 
    where
        not(oee1_0.sent)
[2m2025-06-19T01:35:38.372Z[0;39m [32mDEBUG[0;39m [35m1[0;39m [2m---[0;39m [2m[payments-service] [   scheduling-1][0;39m [2m[0;39m[36mo.h.e.t.internal.TransactionImpl        [0;39m [2m:[0;39m committing
[2m2025-06-19T01:35:40.373Z[0;39m [32mDEBUG[0;39m [35m1[0;39m [2m---[0;39m [2m[payments-service] [   scheduling-1][0;39m [2m[0;39m[36mo.h.e.t.internal.TransactionImpl        [0;39m [2m:[0;39m On TransactionImpl creation, JpaCompliance#isJpaTransactionComplianceEnabled == false
[2m2025-06-19T01:35:40.374Z[0;39m [32mDEBUG[0;39m [35m1[0;39m [2m---[0;39m [2m[payments-service] [   scheduling-1][0;39m [2m[0;39m[36mo.h.e.t.internal.TransactionImpl        [0;39m [2m:[0;39m begin
[2m2025-06-19T01:35:40.376Z[0;39m [32mDEBUG[0;39m [35m1[0;39m [2m---[0;39m [2m[payments-service] [   scheduling-1][0;39m [2m[0;39m[36morg.hibernate.orm.sql.ast.create        [0;39m [2m:[0;39m Created new SQL alias : oee1_0
[2m2025-06-19T01:35:40.376Z[0;39m [32mDEBUG[0;39m [35m1[0;39m [2m---[0;39m [2m[payments-service] [   scheduling-1][0;39m [2m[0;39m[36morg.hibernate.orm.sql.ast.create        [0;39m [2m:[0;39m Registration of TableGroup [StandardTableGroup(org.example.entity.OutboxEventEntity(29714313469519))] with identifierForTableGroup [org.example.entity.OutboxEventEntity] for NavigablePath [org.example.entity.OutboxEventEntity] 
[2m2025-06-19T01:35:40.377Z[0;39m [32mDEBUG[0;39m [35m1[0;39m [2m---[0;39m [2m[payments-service] [   scheduling-1][0;39m [2m[0;39m[36morg.hibernate.orm.results.graph.AST     [0;39m [2m:[0;39m DomainResult Graph:
 \-EntityResultImpl [org.example.entity.OutboxEventEntity(29714313469519)]
 |  +-BasicFetch [org.example.entity.OutboxEventEntity(29714313469519).createdAt]
 |  +-BasicFetch [org.example.entity.OutboxEventEntity(29714313469519).eventType]
 |  +-BasicFetch [org.example.entity.OutboxEventEntity(29714313469519).payload]
 |  \-BasicFetch [org.example.entity.OutboxEventEntity(29714313469519).sent]

[2m2025-06-19T01:35:40.377Z[0;39m [32mDEBUG[0;39m [35m1[0;39m [2m---[0;39m [2m[payments-service] [   scheduling-1][0;39m [2m[0;39m[36morg.hibernate.orm.sql.ast.tree          [0;39m [2m:[0;39m SQL AST Tree:
    SelectStatement {
      FromClause {
        StandardTableGroup (oee1 : org.example.entity.OutboxEventEntity(29714313469519)) {
          primaryTableReference : outbox_event as oee1_0
        }
      }
    }

[2m2025-06-19T01:35:40.377Z[0;39m [32mDEBUG[0;39m [35m1[0;39m [2m---[0;39m [2m[payments-service] [   scheduling-1][0;39m [2m[0;39m[36morg.hibernate.orm.sql.exec              [0;39m [2m:[0;39m Skipping reading Query result cache data: cache-enabled = false, cache-mode = NORMAL
[2m2025-06-19T01:35:40.377Z[0;39m [32mDEBUG[0;39m [35m1[0;39m [2m---[0;39m [2m[payments-service] [   scheduling-1][0;39m [2m[0;39m[36morg.hibernate.orm.results               [0;39m [2m:[0;39m Initializer list:
	  org.example.entity.OutboxEventEntity(29714313469519) -> EntityResultInitializer(org.example.entity.OutboxEventEntity(29714313469519))@1268684607 (SingleTableEntityPersister(org.example.entity.OutboxEventEntity))

[2m2025-06-19T01:35:40.378Z[0;39m [32mDEBUG[0;39m [35m1[0;39m [2m---[0;39m [2m[payments-service] [   scheduling-1][0;39m [2m[0;39m[36morg.hibernate.SQL                       [0;39m [2m:[0;39m 
    select
        oee1_0.id,
        oee1_0.created_at,
        oee1_0.event_type,
        oee1_0.payload,
        oee1_0.sent 
    from
        outbox_event oee1_0 
    where
        not(oee1_0.sent)
Hibernate: 
    select
        oee1_0.id,
        oee1_0.created_at,
        oee1_0.event_type,
        oee1_0.payload,
        oee1_0.sent 
    from
        outbox_event oee1_0 
    where
        not(oee1_0.sent)
[2m2025-06-19T01:35:40.379Z[0;39m [32mDEBUG[0;39m [35m1[0;39m [2m---[0;39m [2m[payments-service] [   scheduling-1][0;39m [2m[0;39m[36mo.h.e.t.internal.TransactionImpl        [0;39m [2m:[0;39m committing
[2m2025-06-19T01:35:42.380Z[0;39m [32mDEBUG[0;39m [35m1[0;39m [2m---[0;39m [2m[payments-service] [   scheduling-1][0;39m [2m[0;39m[36mo.h.e.t.internal.TransactionImpl        [0;39m [2m:[0;39m On TransactionImpl creation, JpaCompliance#isJpaTransactionComplianceEnabled == false
[2m2025-06-19T01:35:42.380Z[0;39m [32mDEBUG[0;39m [35m1[0;39m [2m---[0;39m [2m[payments-service] [   scheduling-1][0;39m [2m[0;39m[36mo.h.e.t.internal.TransactionImpl        [0;39m [2m:[0;39m begin
[2m2025-06-19T01:35:42.382Z[0;39m [32mDEBUG[0;39m [35m1[0;39m [2m---[0;39m [2m[payments-service] [   scheduling-1][0;39m [2m[0;39m[36morg.hibernate.orm.sql.ast.create        [0;39m [2m:[0;39m Created new SQL alias : oee1_0
[2m2025-06-19T01:35:42.382Z[0;39m [32mDEBUG[0;39m [35m1[0;39m [2m---[0;39m [2m[payments-service] [   scheduling-1][0;39m [2m[0;39m[36morg.hibernate.orm.sql.ast.create        [0;39m [2m:[0;39m Registration of TableGroup [StandardTableGroup(org.example.entity.OutboxEventEntity(29714313469519))] with identifierForTableGroup [org.example.entity.OutboxEventEntity] for NavigablePath [org.example.entity.OutboxEventEntity] 
[2m2025-06-19T01:35:42.382Z[0;39m [32mDEBUG[0;39m [35m1[0;39m [2m---[0;39m [2m[payments-service] [   scheduling-1][0;39m [2m[0;39m[36morg.hibernate.orm.results.graph.AST     [0;39m [2m:[0;39m DomainResult Graph:
 \-EntityResultImpl [org.example.entity.OutboxEventEntity(29714313469519)]
 |  +-BasicFetch [org.example.entity.OutboxEventEntity(29714313469519).createdAt]
 |  +-BasicFetch [org.example.entity.OutboxEventEntity(29714313469519).eventType]
 |  +-BasicFetch [org.example.entity.OutboxEventEntity(29714313469519).payload]
 |  \-BasicFetch [org.example.entity.OutboxEventEntity(29714313469519).sent]

[2m2025-06-19T01:35:42.383Z[0;39m [32mDEBUG[0;39m [35m1[0;39m [2m---[0;39m [2m[payments-service] [   scheduling-1][0;39m [2m[0;39m[36morg.hibernate.orm.sql.ast.tree          [0;39m [2m:[0;39m SQL AST Tree:
    SelectStatement {
      FromClause {
        StandardTableGroup (oee1 : org.example.entity.OutboxEventEntity(29714313469519)) {
          primaryTableReference : outbox_event as oee1_0
        }
      }
    }

[2m2025-06-19T01:35:42.383Z[0;39m [32mDEBUG[0;39m [35m1[0;39m [2m---[0;39m [2m[payments-service] [   scheduling-1][0;39m [2m[0;39m[36morg.hibernate.orm.sql.exec              [0;39m [2m:[0;39m Skipping reading Query result cache data: cache-enabled = false, cache-mode = NORMAL
[2m2025-06-19T01:35:42.383Z[0;39m [32mDEBUG[0;39m [35m1[0;39m [2m---[0;39m [2m[payments-service] [   scheduling-1][0;39m [2m[0;39m[36morg.hibernate.orm.results               [0;39m [2m:[0;39m Initializer list:
	  org.example.entity.OutboxEventEntity(29714313469519) -> EntityResultInitializer(org.example.entity.OutboxEventEntity(29714313469519))@1225532571 (SingleTableEntityPersister(org.example.entity.OutboxEventEntity))

[2m2025-06-19T01:35:42.383Z[0;39m [32mDEBUG[0;39m [35m1[0;39m [2m---[0;39m [2m[payments-service] [   scheduling-1][0;39m [2m[0;39m[36morg.hibernate.SQL                       [0;39m [2m:[0;39m 
    select
        oee1_0.id,
        oee1_0.created_at,
        oee1_0.event_type,
        oee1_0.payload,
        oee1_0.sent 
    from
        outbox_event oee1_0 
    where
        not(oee1_0.sent)
Hibernate: 
    select
        oee1_0.id,
        oee1_0.created_at,
        oee1_0.event_type,
        oee1_0.payload,
        oee1_0.sent 
    from
        outbox_event oee1_0 
    where
        not(oee1_0.sent)
[2m2025-06-19T01:35:42.384Z[0;39m [32mDEBUG[0;39m [35m1[0;39m [2m---[0;39m [2m[payments-service] [   scheduling-1][0;39m [2m[0;39m[36mo.h.e.t.internal.TransactionImpl        [0;39m [2m:[0;39m committing
